\BOOKMARK [0][-]{chapter.1}{\376\377\0001\000\040\000H\000i\000e\000r\000a\000r\000c\000h\000i\000c\000a\000l\000\040\000I\000n\000d\000e\000x}{}% 1
\BOOKMARK [1][-]{section.1.1}{\376\377\0001\000.\0001\000\040\000C\000l\000a\000s\000s\000\040\000H\000i\000e\000r\000a\000r\000c\000h\000y}{chapter.1}% 2
\BOOKMARK [0][-]{chapter.2}{\376\377\0002\000\040\000C\000l\000a\000s\000s\000\040\000I\000n\000d\000e\000x}{}% 3
\BOOKMARK [1][-]{section.2.1}{\376\377\0002\000.\0001\000\040\000C\000l\000a\000s\000s\000\040\000L\000i\000s\000t}{chapter.2}% 4
\BOOKMARK [0][-]{chapter.3}{\376\377\0003\000\040\000C\000l\000a\000s\000s\000\040\000D\000o\000c\000u\000m\000e\000n\000t\000a\000t\000i\000o\000n}{}% 5
\BOOKMARK [1][-]{section.3.1}{\376\377\0003\000.\0001\000\040\000D\000y\000n\000a\000m\000i\000c\000O\000b\000j\000e\000c\000t\000\040\000C\000l\000a\000s\000s\000\040\000R\000e\000f\000e\000r\000e\000n\000c\000e}{chapter.3}% 6
\BOOKMARK [2][-]{subsection.3.1.1}{\376\377\0003\000.\0001\000.\0001\000\040\000D\000e\000t\000a\000i\000l\000e\000d\000\040\000D\000e\000s\000c\000r\000i\000p\000t\000i\000o\000n}{section.3.1}% 7
\BOOKMARK [2][-]{subsection.3.1.2}{\376\377\0003\000.\0001\000.\0002\000\040\000C\000o\000n\000s\000t\000r\000u\000c\000t\000o\000r\000\040\000\046\000\040\000D\000e\000s\000t\000r\000u\000c\000t\000o\000r\000\040\000D\000o\000c\000u\000m\000e\000n\000t\000a\000t\000i\000o\000n}{section.3.1}% 8
\BOOKMARK [3][-]{subsubsection.3.1.2.1}{\376\377\0003\000.\0001\000.\0002\000.\0001\000\040\000D\000y\000n\000a\000m\000i\000c\000O\000b\000j\000e\000c\000t\000\050\000c\000p\000S\000p\000a\000c\000e\000\040\000*\000s\000p\000a\000c\000e\000,\000\040\000g\000l\000m\000:\000:\000v\000e\000c\0002\000\040\000p\000o\000s\000,\000\040\000f\000l\000o\000a\000t\000\040\000m\000a\000s\000s\000,\000\040\000f\000l\000o\000a\000t\000\040\000s\000c\000a\000l\000e\000,\000\040\000f\000l\000o\000a\000t\000\040\000e\000l\000a\000s\000t\000,\000\040\000f\000l\000o\000a\000t\000\040\000f\000r\000i\000c\000,\000\040\000O\000b\000j\000G\000P\000U\000D\000a\000t\000a\000\040\000*\000g\000p\000u\000D\000a\000t\000a\000,\000\040\000i\000n\000t\000\040\000t\000y\000p\000e\000,\000\040\000b\000o\000o\000l\000\040\000n\000o\000R\000o\000t\000a\000t\000i\000o\000n\000=\000f\000a\000l\000s\000e\000\051}{subsection.3.1.2}% 9
\BOOKMARK [1][-]{section.3.2}{\376\377\0003\000.\0002\000\040\000E\000n\000v\000i\000r\000o\000n\000m\000e\000n\000t\000\040\000C\000l\000a\000s\000s\000\040\000R\000e\000f\000e\000r\000e\000n\000c\000e}{chapter.3}% 10
\BOOKMARK [2][-]{subsection.3.2.1}{\376\377\0003\000.\0002\000.\0001\000\040\000D\000e\000t\000a\000i\000l\000e\000d\000\040\000D\000e\000s\000c\000r\000i\000p\000t\000i\000o\000n}{section.3.2}% 11
\BOOKMARK [2][-]{subsection.3.2.2}{\376\377\0003\000.\0002\000.\0002\000\040\000M\000e\000m\000b\000e\000r\000\040\000F\000u\000n\000c\000t\000i\000o\000n\000\040\000D\000o\000c\000u\000m\000e\000n\000t\000a\000t\000i\000o\000n}{section.3.2}% 12
\BOOKMARK [3][-]{subsubsection.3.2.2.1}{\376\377\0003\000.\0002\000.\0002\000.\0001\000\040\000c\000h\000a\000n\000g\000e\000S\000h\000a\000d\000e\000r\000\050\000S\000h\000a\000d\000e\000r\000\040\000*\000n\000e\000x\000t\000S\000h\000a\000d\000e\000r\000\051}{subsection.3.2.2}% 13
\BOOKMARK [3][-]{subsubsection.3.2.2.2}{\376\377\0003\000.\0002\000.\0002\000.\0002\000\040\000p\000r\000o\000c\000e\000s\000s\000K\000B\000\050\000i\000n\000t\000\040\000k\000e\000y\000,\000\040\000i\000n\000t\000\040\000s\000c\000a\000n\000c\000o\000d\000e\000,\000\040\000i\000n\000t\000\040\000a\000c\000t\000i\000o\000n\000,\000\040\000i\000n\000t\000\040\000m\000o\000d\000s\000\051\000=\0000}{subsection.3.2.2}% 14
\BOOKMARK [3][-]{subsubsection.3.2.2.3}{\376\377\0003\000.\0002\000.\0002\000.\0003\000\040\000p\000r\000o\000c\000e\000s\000s\000M\000o\000u\000s\000e\000C\000l\000i\000c\000k\000\050\000i\000n\000t\000\040\000b\000u\000t\000t\000o\000n\000,\000\040\000i\000n\000t\000\040\000a\000c\000t\000i\000o\000n\000,\000\040\000i\000n\000t\000\040\000m\000o\000d\000s\000,\000\040\000f\000l\000o\000a\000t\000\040\000w\000i\000n\000X\000,\000\040\000f\000l\000o\000a\000t\000\040\000w\000i\000n\000Y\000\051\000=\0000}{subsection.3.2.2}% 15
\BOOKMARK [3][-]{subsubsection.3.2.2.4}{\376\377\0003\000.\0002\000.\0002\000.\0004\000\040\000p\000r\000o\000c\000e\000s\000s\000M\000o\000u\000s\000e\000P\000o\000s\000i\000t\000i\000o\000n\000\050\000f\000l\000o\000a\000t\000\040\000x\000p\000o\000s\000,\000\040\000f\000l\000o\000a\000t\000\040\000y\000p\000o\000s\000\051\000=\0000}{subsection.3.2.2}% 16
\BOOKMARK [3][-]{subsubsection.3.2.2.5}{\376\377\0003\000.\0002\000.\0002\000.\0005\000\040\000u\000p\000d\000a\000t\000e\000E\000n\000v\000i\000r\000o\000n\000m\000e\000n\000t\000\050\000d\000o\000u\000b\000l\000e\000\040\000d\000t\000\051\000=\0000}{subsection.3.2.2}% 17
\BOOKMARK [3][-]{subsubsection.3.2.2.6}{\376\377\0003\000.\0002\000.\0002\000.\0006\000\040\000u\000p\000d\000a\000t\000e\000P\000r\000o\000j\000e\000c\000t\000i\000o\000n\000\050\000g\000l\000m\000:\000:\000m\000a\000t\0004\000\040\000n\000e\000w\000P\000r\000o\000j\000e\000c\000t\000i\000o\000n\000\051}{subsection.3.2.2}% 18
\BOOKMARK [1][-]{section.3.3}{\376\377\0003\000.\0003\000\040\000G\000a\000m\000e\000\040\000C\000l\000a\000s\000s\000\040\000R\000e\000f\000e\000r\000e\000n\000c\000e}{chapter.3}% 19
\BOOKMARK [2][-]{subsection.3.3.1}{\376\377\0003\000.\0003\000.\0001\000\040\000D\000e\000t\000a\000i\000l\000e\000d\000\040\000D\000e\000s\000c\000r\000i\000p\000t\000i\000o\000n}{section.3.3}% 20
\BOOKMARK [1][-]{section.3.4}{\376\377\0003\000.\0004\000\040\000K\000i\000n\000e\000m\000a\000t\000i\000c\000O\000b\000j\000e\000c\000t\000\040\000C\000l\000a\000s\000s\000\040\000R\000e\000f\000e\000r\000e\000n\000c\000e}{chapter.3}% 21
\BOOKMARK [2][-]{subsection.3.4.1}{\376\377\0003\000.\0004\000.\0001\000\040\000D\000e\000t\000a\000i\000l\000e\000d\000\040\000D\000e\000s\000c\000r\000i\000p\000t\000i\000o\000n}{section.3.4}% 22
\BOOKMARK [2][-]{subsection.3.4.2}{\376\377\0003\000.\0004\000.\0002\000\040\000C\000o\000n\000s\000t\000r\000u\000c\000t\000o\000r\000\040\000\046\000\040\000D\000e\000s\000t\000r\000u\000c\000t\000o\000r\000\040\000D\000o\000c\000u\000m\000e\000n\000t\000a\000t\000i\000o\000n}{section.3.4}% 23
\BOOKMARK [3][-]{subsubsection.3.4.2.1}{\376\377\0003\000.\0004\000.\0002\000.\0001\000\040\000K\000i\000n\000e\000m\000a\000t\000i\000c\000O\000b\000j\000e\000c\000t\000\050\000c\000p\000S\000p\000a\000c\000e\000\040\000*\000s\000p\000a\000c\000e\000,\000\040\000c\000p\000V\000e\000c\000t\000\040\000p\0001\000,\000\040\000c\000p\000V\000e\000c\000t\000\040\000p\0002\000,\000\040\000O\000b\000j\000G\000P\000U\000D\000a\000t\000a\000\040\000*\000g\000p\000u\000D\000a\000t\000a\000,\000\040\000i\000n\000t\000\040\000t\000y\000p\000e\000\051}{subsection.3.4.2}% 24
\BOOKMARK [1][-]{section.3.5}{\376\377\0003\000.\0005\000\040\000M\000e\000n\000u\000\040\000C\000l\000a\000s\000s\000\040\000R\000e\000f\000e\000r\000e\000n\000c\000e}{chapter.3}% 25
\BOOKMARK [2][-]{subsection.3.5.1}{\376\377\0003\000.\0005\000.\0001\000\040\000D\000e\000t\000a\000i\000l\000e\000d\000\040\000D\000e\000s\000c\000r\000i\000p\000t\000i\000o\000n}{section.3.5}% 26
\BOOKMARK [2][-]{subsection.3.5.2}{\376\377\0003\000.\0005\000.\0002\000\040\000M\000e\000m\000b\000e\000r\000\040\000F\000u\000n\000c\000t\000i\000o\000n\000\040\000D\000o\000c\000u\000m\000e\000n\000t\000a\000t\000i\000o\000n}{section.3.5}% 27
\BOOKMARK [3][-]{subsubsection.3.5.2.1}{\376\377\0003\000.\0005\000.\0002\000.\0001\000\040\000p\000r\000o\000c\000e\000s\000s\000K\000B\000\050\000i\000n\000t\000\040\000k\000e\000y\000,\000\040\000i\000n\000t\000\040\000s\000c\000a\000n\000c\000o\000d\000e\000,\000\040\000i\000n\000t\000\040\000a\000c\000t\000i\000o\000n\000,\000\040\000i\000n\000t\000\040\000m\000o\000d\000s\000\051}{subsection.3.5.2}% 28
\BOOKMARK [3][-]{subsubsection.3.5.2.2}{\376\377\0003\000.\0005\000.\0002\000.\0002\000\040\000p\000r\000o\000c\000e\000s\000s\000M\000o\000u\000s\000e\000C\000l\000i\000c\000k\000\050\000i\000n\000t\000\040\000b\000u\000t\000t\000o\000n\000,\000\040\000i\000n\000t\000\040\000a\000c\000t\000i\000o\000n\000,\000\040\000i\000n\000t\000\040\000m\000o\000d\000s\000,\000\040\000f\000l\000o\000a\000t\000\040\000w\000i\000n\000X\000,\000\040\000f\000l\000o\000a\000t\000\040\000w\000i\000n\000Y\000\051}{subsection.3.5.2}% 29
\BOOKMARK [3][-]{subsubsection.3.5.2.3}{\376\377\0003\000.\0005\000.\0002\000.\0003\000\040\000p\000r\000o\000c\000e\000s\000s\000M\000o\000u\000s\000e\000P\000o\000s\000i\000t\000i\000o\000n\000\050\000f\000l\000o\000a\000t\000\040\000x\000p\000o\000s\000,\000\040\000f\000l\000o\000a\000t\000\040\000y\000p\000o\000s\000\051}{subsection.3.5.2}% 30
\BOOKMARK [3][-]{subsubsection.3.5.2.4}{\376\377\0003\000.\0005\000.\0002\000.\0004\000\040\000u\000p\000d\000a\000t\000e\000E\000n\000v\000i\000r\000o\000n\000m\000e\000n\000t\000\050\000d\000o\000u\000b\000l\000e\000\040\000d\000t\000\051}{subsection.3.5.2}% 31
\BOOKMARK [1][-]{section.3.6}{\376\377\0003\000.\0006\000\040\000O\000b\000j\000\040\000C\000l\000a\000s\000s\000\040\000R\000e\000f\000e\000r\000e\000n\000c\000e}{chapter.3}% 32
\BOOKMARK [2][-]{subsection.3.6.1}{\376\377\0003\000.\0006\000.\0001\000\040\000D\000e\000t\000a\000i\000l\000e\000d\000\040\000D\000e\000s\000c\000r\000i\000p\000t\000i\000o\000n}{section.3.6}% 33
\BOOKMARK [1][-]{section.3.7}{\376\377\0003\000.\0007\000\040\000O\000b\000j\000G\000P\000U\000D\000a\000t\000a\000\040\000C\000l\000a\000s\000s\000\040\000R\000e\000f\000e\000r\000e\000n\000c\000e}{chapter.3}% 34
\BOOKMARK [2][-]{subsection.3.7.1}{\376\377\0003\000.\0007\000.\0001\000\040\000D\000e\000t\000a\000i\000l\000e\000d\000\040\000D\000e\000s\000c\000r\000i\000p\000t\000i\000o\000n}{section.3.7}% 35
\BOOKMARK [2][-]{subsection.3.7.2}{\376\377\0003\000.\0007\000.\0002\000\040\000C\000o\000n\000s\000t\000r\000u\000c\000t\000o\000r\000\040\000\046\000\040\000D\000e\000s\000t\000r\000u\000c\000t\000o\000r\000\040\000D\000o\000c\000u\000m\000e\000n\000t\000a\000t\000i\000o\000n}{section.3.7}% 36
\BOOKMARK [3][-]{subsubsection.3.7.2.1}{\376\377\0003\000.\0007\000.\0002\000.\0001\000\040\000O\000b\000j\000G\000P\000U\000D\000a\000t\000a\000\050\000c\000h\000a\000r\000\040\000*\000o\000b\000j\000F\000i\000l\000e\000,\000\040\000f\000l\000o\000a\000t\000\040\000a\000n\000g\000l\000e\000=\0000\000.\0000\000f\000\051}{subsection.3.7.2}% 37
\BOOKMARK [2][-]{subsection.3.7.3}{\376\377\0003\000.\0007\000.\0003\000\040\000M\000e\000m\000b\000e\000r\000\040\000F\000u\000n\000c\000t\000i\000o\000n\000\040\000D\000o\000c\000u\000m\000e\000n\000t\000a\000t\000i\000o\000n}{section.3.7}% 38
\BOOKMARK [3][-]{subsubsection.3.7.3.1}{\376\377\0003\000.\0007\000.\0003\000.\0001\000\040\000g\000e\000t\000D\000a\000t\000a\000T\000y\000p\000e\000\050\000s\000t\000d\000:\000:\000s\000t\000r\000i\000n\000g\000\040\000d\000a\000t\000a\000T\000y\000p\000e\000S\000t\000r\000i\000n\000g\000\051}{subsection.3.7.3}% 39
\BOOKMARK [3][-]{subsubsection.3.7.3.2}{\376\377\0003\000.\0007\000.\0003\000.\0002\000\040\000g\000e\000t\000M\000t\000l\000D\000a\000t\000a\000T\000y\000p\000e\000\050\000s\000t\000d\000:\000:\000s\000t\000r\000i\000n\000g\000\040\000d\000a\000t\000a\000T\000y\000p\000e\000S\000t\000r\000i\000n\000g\000\051}{subsection.3.7.3}% 40
\BOOKMARK [3][-]{subsubsection.3.7.3.3}{\376\377\0003\000.\0007\000.\0003\000.\0003\000\040\000l\000o\000a\000d\000O\000b\000j\000e\000c\000t\000\050\000c\000h\000a\000r\000\040\000*\000f\000i\000l\000e\000N\000a\000m\000e\000\051}{subsection.3.7.3}% 41
\BOOKMARK [1][-]{section.3.8}{\376\377\0003\000.\0008\000\040\000S\000h\000a\000d\000e\000r\000\040\000C\000l\000a\000s\000s\000\040\000R\000e\000f\000e\000r\000e\000n\000c\000e}{chapter.3}% 42
\BOOKMARK [2][-]{subsection.3.8.1}{\376\377\0003\000.\0008\000.\0001\000\040\000D\000e\000t\000a\000i\000l\000e\000d\000\040\000D\000e\000s\000c\000r\000i\000p\000t\000i\000o\000n}{section.3.8}% 43
\BOOKMARK [2][-]{subsection.3.8.2}{\376\377\0003\000.\0008\000.\0002\000\040\000C\000o\000n\000s\000t\000r\000u\000c\000t\000o\000r\000\040\000\046\000\040\000D\000e\000s\000t\000r\000u\000c\000t\000o\000r\000\040\000D\000o\000c\000u\000m\000e\000n\000t\000a\000t\000i\000o\000n}{section.3.8}% 44
\BOOKMARK [3][-]{subsubsection.3.8.2.1}{\376\377\0003\000.\0008\000.\0002\000.\0001\000\040\000S\000h\000a\000d\000e\000r\000\050\000c\000o\000n\000s\000t\000\040\000c\000h\000a\000r\000\040\000*\000v\000S\000h\000a\000d\000e\000r\000,\000\040\000c\000o\000n\000s\000t\000\040\000c\000h\000a\000r\000\040\000*\000f\000S\000h\000a\000d\000e\000r\000\051}{subsection.3.8.2}% 45
\BOOKMARK [1][-]{section.3.9}{\376\377\0003\000.\0009\000\040\000S\000o\000u\000n\000d\000\040\000C\000l\000a\000s\000s\000\040\000R\000e\000f\000e\000r\000e\000n\000c\000e}{chapter.3}% 46
\BOOKMARK [2][-]{subsection.3.9.1}{\376\377\0003\000.\0009\000.\0001\000\040\000D\000e\000t\000a\000i\000l\000e\000d\000\040\000D\000e\000s\000c\000r\000i\000p\000t\000i\000o\000n}{section.3.9}% 47
\BOOKMARK [2][-]{subsection.3.9.2}{\376\377\0003\000.\0009\000.\0002\000\040\000C\000o\000n\000s\000t\000r\000u\000c\000t\000o\000r\000\040\000\046\000\040\000D\000e\000s\000t\000r\000u\000c\000t\000o\000r\000\040\000D\000o\000c\000u\000m\000e\000n\000t\000a\000t\000i\000o\000n}{section.3.9}% 48
\BOOKMARK [3][-]{subsubsection.3.9.2.1}{\376\377\0003\000.\0009\000.\0002\000.\0001\000\040\000S\000o\000u\000n\000d\000\050\000c\000h\000a\000r\000\040\000*\000p\000a\000t\000h\000,\000\040\000i\000n\000t\000\040\000l\000o\000o\000p\000\051}{subsection.3.9.2}% 49
\BOOKMARK [1][-]{section.3.10}{\376\377\0003\000.\0001\0000\000\040\000S\000t\000a\000g\000e\000\040\000C\000l\000a\000s\000s\000\040\000R\000e\000f\000e\000r\000e\000n\000c\000e}{chapter.3}% 50
\BOOKMARK [2][-]{subsection.3.10.1}{\376\377\0003\000.\0001\0000\000.\0001\000\040\000D\000e\000t\000a\000i\000l\000e\000d\000\040\000D\000e\000s\000c\000r\000i\000p\000t\000i\000o\000n}{section.3.10}% 51
\BOOKMARK [2][-]{subsection.3.10.2}{\376\377\0003\000.\0001\0000\000.\0002\000\040\000M\000e\000m\000b\000e\000r\000\040\000F\000u\000n\000c\000t\000i\000o\000n\000\040\000D\000o\000c\000u\000m\000e\000n\000t\000a\000t\000i\000o\000n}{section.3.10}% 52
\BOOKMARK [3][-]{subsubsection.3.10.2.1}{\376\377\0003\000.\0001\0000\000.\0002\000.\0001\000\040\000a\000d\000d\000B\000o\000u\000n\000d\000a\000r\000y\000\050\000c\000p\000V\000e\000c\000t\000\040\000p\0001\000,\000\040\000c\000p\000V\000e\000c\000t\000\040\000p\0002\000,\000\040\000O\000b\000j\000G\000P\000U\000D\000a\000t\000a\000\040\000*\000g\000p\000u\000D\000a\000t\000a\000\051}{subsection.3.10.2}% 53
\BOOKMARK [3][-]{subsubsection.3.10.2.2}{\376\377\0003\000.\0001\0000\000.\0002\000.\0002\000\040\000a\000d\000d\000D\000y\000n\000a\000m\000i\000c\000O\000b\000j\000e\000c\000t\000\050\000g\000l\000m\000:\000:\000v\000e\000c\0002\000\040\000p\000o\000s\000,\000\040\000O\000b\000j\000G\000P\000U\000D\000a\000t\000a\000\040\000*\000g\000p\000u\000D\000a\000t\000a\000\051}{subsection.3.10.2}% 54
\BOOKMARK [3][-]{subsubsection.3.10.2.3}{\376\377\0003\000.\0001\0000\000.\0002\000.\0003\000\040\000c\000h\000e\000c\000k\000C\000o\000m\000p\000l\000e\000t\000i\000o\000n\000\050\000\051}{subsection.3.10.2}% 55
\BOOKMARK [3][-]{subsubsection.3.10.2.4}{\376\377\0003\000.\0001\0000\000.\0002\000.\0004\000\040\000d\000r\000a\000w\000O\000b\000j\000\050\000O\000b\000j\000\040\000c\000u\000r\000r\000e\000n\000t\000O\000b\000j\000,\000\040\000b\000o\000o\000l\000\040\000i\000s\000B\000o\000u\000n\000d\000a\000r\000y\000=\000f\000a\000l\000s\000e\000\051}{subsection.3.10.2}% 56
\BOOKMARK [3][-]{subsubsection.3.10.2.5}{\376\377\0003\000.\0001\0000\000.\0002\000.\0005\000\040\000p\000r\000o\000c\000e\000s\000s\000K\000B\000\050\000i\000n\000t\000\040\000k\000e\000y\000,\000\040\000i\000n\000t\000\040\000s\000c\000a\000n\000c\000o\000d\000e\000,\000\040\000i\000n\000t\000\040\000a\000c\000t\000i\000o\000n\000,\000\040\000i\000n\000t\000\040\000m\000o\000d\000s\000\051}{subsection.3.10.2}% 57
\BOOKMARK [3][-]{subsubsection.3.10.2.6}{\376\377\0003\000.\0001\0000\000.\0002\000.\0006\000\040\000p\000r\000o\000c\000e\000s\000s\000M\000o\000u\000s\000e\000C\000l\000i\000c\000k\000\050\000i\000n\000t\000\040\000b\000u\000t\000t\000o\000n\000,\000\040\000i\000n\000t\000\040\000a\000c\000t\000i\000o\000n\000,\000\040\000i\000n\000t\000\040\000m\000o\000d\000s\000,\000\040\000f\000l\000o\000a\000t\000\040\000w\000i\000n\000X\000,\000\040\000f\000l\000o\000a\000t\000\040\000w\000i\000n\000Y\000\051}{subsection.3.10.2}% 58
\BOOKMARK [3][-]{subsubsection.3.10.2.7}{\376\377\0003\000.\0001\0000\000.\0002\000.\0007\000\040\000p\000r\000o\000c\000e\000s\000s\000M\000o\000u\000s\000e\000P\000o\000s\000i\000t\000i\000o\000n\000\050\000f\000l\000o\000a\000t\000\040\000x\000p\000o\000s\000,\000\040\000f\000l\000o\000a\000t\000\040\000y\000p\000o\000s\000\051}{subsection.3.10.2}% 59
\BOOKMARK [3][-]{subsubsection.3.10.2.8}{\376\377\0003\000.\0001\0000\000.\0002\000.\0008\000\040\000u\000p\000d\000a\000t\000e\000E\000n\000v\000i\000r\000o\000n\000m\000e\000n\000t\000\050\000d\000o\000u\000b\000l\000e\000\040\000d\000t\000\051}{subsection.3.10.2}% 60
\BOOKMARK [1][-]{section.3.11}{\376\377\0003\000.\0001\0001\000\040\000S\000t\000a\000t\000i\000c\000O\000b\000j\000e\000c\000t\000\040\000C\000l\000a\000s\000s\000\040\000R\000e\000f\000e\000r\000e\000n\000c\000e}{chapter.3}% 61
\BOOKMARK [2][-]{subsection.3.11.1}{\376\377\0003\000.\0001\0001\000.\0001\000\040\000D\000e\000t\000a\000i\000l\000e\000d\000\040\000D\000e\000s\000c\000r\000i\000p\000t\000i\000o\000n}{section.3.11}% 62
\BOOKMARK [2][-]{subsection.3.11.2}{\376\377\0003\000.\0001\0001\000.\0002\000\040\000C\000o\000n\000s\000t\000r\000u\000c\000t\000o\000r\000\040\000\046\000\040\000D\000e\000s\000t\000r\000u\000c\000t\000o\000r\000\040\000D\000o\000c\000u\000m\000e\000n\000t\000a\000t\000i\000o\000n}{section.3.11}% 63
\BOOKMARK [3][-]{subsubsection.3.11.2.1}{\376\377\0003\000.\0001\0001\000.\0002\000.\0001\000\040\000S\000t\000a\000t\000i\000c\000O\000b\000j\000e\000c\000t\000\050\000c\000p\000S\000p\000a\000c\000e\000\040\000*\000s\000p\000a\000c\000e\000,\000\040\000c\000p\000V\000e\000c\000t\000\040\000p\0001\000,\000\040\000c\000p\000V\000e\000c\000t\000\040\000p\0002\000,\000\040\000O\000b\000j\000G\000P\000U\000D\000a\000t\000a\000\040\000*\000g\000p\000u\000D\000a\000t\000a\000\051}{subsection.3.11.2}% 64
\BOOKMARK [0][-]{section*.36}{\376\377\000I\000n\000d\000e\000x}{}% 65
