\BOOKMARK [0][-]{chapter.1}{\376\377\0001\000\040\000H\000i\000e\000r\000a\000r\000c\000h\000i\000c\000a\000l\000\040\000I\000n\000d\000e\000x}{}% 1
\BOOKMARK [1][-]{section.1.1}{\376\377\0001\000.\0001\000\040\000C\000l\000a\000s\000s\000\040\000H\000i\000e\000r\000a\000r\000c\000h\000y}{chapter.1}% 2
\BOOKMARK [0][-]{chapter.2}{\376\377\0002\000\040\000C\000l\000a\000s\000s\000\040\000I\000n\000d\000e\000x}{}% 3
\BOOKMARK [1][-]{section.2.1}{\376\377\0002\000.\0001\000\040\000C\000l\000a\000s\000s\000\040\000L\000i\000s\000t}{chapter.2}% 4
\BOOKMARK [0][-]{chapter.3}{\376\377\0003\000\040\000C\000l\000a\000s\000s\000\040\000D\000o\000c\000u\000m\000e\000n\000t\000a\000t\000i\000o\000n}{}% 5
\BOOKMARK [1][-]{section.3.1}{\376\377\0003\000.\0001\000\040\000A\000r\000c\000h\000\040\000C\000l\000a\000s\000s\000\040\000R\000e\000f\000e\000r\000e\000n\000c\000e}{chapter.3}% 6
\BOOKMARK [2][-]{subsection.3.1.1}{\376\377\0003\000.\0001\000.\0001\000\040\000D\000e\000t\000a\000i\000l\000e\000d\000\040\000D\000e\000s\000c\000r\000i\000p\000t\000i\000o\000n}{section.3.1}% 7
\BOOKMARK [2][-]{subsection.3.1.2}{\376\377\0003\000.\0001\000.\0002\000\040\000C\000o\000n\000s\000t\000r\000u\000c\000t\000o\000r\000\040\000\046\000\040\000D\000e\000s\000t\000r\000u\000c\000t\000o\000r\000\040\000D\000o\000c\000u\000m\000e\000n\000t\000a\000t\000i\000o\000n}{section.3.1}% 8
\BOOKMARK [3][-]{subsubsection.3.1.2.1}{\376\377\0003\000.\0001\000.\0002\000.\0001\000\040\000A\000r\000c\000h\000\050\000f\000l\000o\000a\000t\000\040\000x\000,\000\040\000f\000l\000o\000a\000t\000\040\000y\000,\000\040\000b\000o\000o\000l\000\040\000f\000a\000c\000e\000R\000i\000g\000h\000t\000=\000f\000a\000l\000s\000e\000\051}{subsection.3.1.2}% 9
\BOOKMARK [1][-]{section.3.2}{\376\377\0003\000.\0002\000\040\000B\000o\000u\000l\000d\000e\000r\000\040\000C\000l\000a\000s\000s\000\040\000R\000e\000f\000e\000r\000e\000n\000c\000e}{chapter.3}% 10
\BOOKMARK [2][-]{subsection.3.2.1}{\376\377\0003\000.\0002\000.\0001\000\040\000D\000e\000t\000a\000i\000l\000e\000d\000\040\000D\000e\000s\000c\000r\000i\000p\000t\000i\000o\000n}{section.3.2}% 11
\BOOKMARK [2][-]{subsection.3.2.2}{\376\377\0003\000.\0002\000.\0002\000\040\000C\000o\000n\000s\000t\000r\000u\000c\000t\000o\000r\000\040\000\046\000\040\000D\000e\000s\000t\000r\000u\000c\000t\000o\000r\000\040\000D\000o\000c\000u\000m\000e\000n\000t\000a\000t\000i\000o\000n}{section.3.2}% 12
\BOOKMARK [3][-]{subsubsection.3.2.2.1}{\376\377\0003\000.\0002\000.\0002\000.\0001\000\040\000B\000o\000u\000l\000d\000e\000r\000\050\000f\000l\000o\000a\000t\000\040\000x\000,\000\040\000f\000l\000o\000a\000t\000\040\000y\000\051}{subsection.3.2.2}% 13
\BOOKMARK [1][-]{section.3.3}{\376\377\0003\000.\0003\000\040\000B\000o\000u\000n\000d\000a\000r\000y\000\040\000C\000l\000a\000s\000s\000\040\000R\000e\000f\000e\000r\000e\000n\000c\000e}{chapter.3}% 14
\BOOKMARK [2][-]{subsection.3.3.1}{\376\377\0003\000.\0003\000.\0001\000\040\000D\000e\000t\000a\000i\000l\000e\000d\000\040\000D\000e\000s\000c\000r\000i\000p\000t\000i\000o\000n}{section.3.3}% 15
\BOOKMARK [2][-]{subsection.3.3.2}{\376\377\0003\000.\0003\000.\0002\000\040\000C\000o\000n\000s\000t\000r\000u\000c\000t\000o\000r\000\040\000\046\000\040\000D\000e\000s\000t\000r\000u\000c\000t\000o\000r\000\040\000D\000o\000c\000u\000m\000e\000n\000t\000a\000t\000i\000o\000n}{section.3.3}% 16
\BOOKMARK [3][-]{subsubsection.3.3.2.1}{\376\377\0003\000.\0003\000.\0002\000.\0001\000\040\000B\000o\000u\000n\000d\000a\000r\000y\000\050\000f\000l\000o\000a\000t\000\040\000x\0001\000,\000\040\000f\000l\000o\000a\000t\000\040\000x\0002\000,\000\040\000f\000l\000o\000a\000t\000\040\000y\000,\000\040\000B\000S\000u\000r\000f\000a\000c\000e\000\040\000s\000u\000r\000f\000a\000c\000e\000T\000y\000p\000e\000\051}{subsection.3.3.2}% 17
\BOOKMARK [1][-]{section.3.4}{\376\377\0003\000.\0004\000\040\000C\000a\000m\000e\000r\000a\000\040\000C\000l\000a\000s\000s\000\040\000R\000e\000f\000e\000r\000e\000n\000c\000e}{chapter.3}% 18
\BOOKMARK [2][-]{subsection.3.4.1}{\376\377\0003\000.\0004\000.\0001\000\040\000D\000e\000t\000a\000i\000l\000e\000d\000\040\000D\000e\000s\000c\000r\000i\000p\000t\000i\000o\000n}{section.3.4}% 19
\BOOKMARK [1][-]{section.3.5}{\376\377\0003\000.\0005\000\040\000D\000y\000n\000a\000m\000i\000c\000O\000b\000j\000e\000c\000t\000\040\000C\000l\000a\000s\000s\000\040\000R\000e\000f\000e\000r\000e\000n\000c\000e}{chapter.3}% 20
\BOOKMARK [2][-]{subsection.3.5.1}{\376\377\0003\000.\0005\000.\0001\000\040\000D\000e\000t\000a\000i\000l\000e\000d\000\040\000D\000e\000s\000c\000r\000i\000p\000t\000i\000o\000n}{section.3.5}% 21
\BOOKMARK [2][-]{subsection.3.5.2}{\376\377\0003\000.\0005\000.\0002\000\040\000C\000o\000n\000s\000t\000r\000u\000c\000t\000o\000r\000\040\000\046\000\040\000D\000e\000s\000t\000r\000u\000c\000t\000o\000r\000\040\000D\000o\000c\000u\000m\000e\000n\000t\000a\000t\000i\000o\000n}{section.3.5}% 22
\BOOKMARK [3][-]{subsubsection.3.5.2.1}{\376\377\0003\000.\0005\000.\0002\000.\0001\000\040\000D\000y\000n\000a\000m\000i\000c\000O\000b\000j\000e\000c\000t\000\050\000f\000l\000o\000a\000t\000\040\000x\000,\000\040\000f\000l\000o\000a\000t\000\040\000y\000,\000\040\000f\000l\000o\000a\000t\000\040\000s\000c\000a\000l\000e\000,\000\040\000f\000l\000o\000a\000t\000\040\000m\000a\000s\000s\000,\000\040\000f\000l\000o\000a\000t\000\040\000e\000l\000a\000s\000t\000,\000\040\000f\000l\000o\000a\000t\000\040\000f\000r\000i\000c\000,\000\040\000i\000n\000t\000\040\000t\000y\000p\000e\000,\000\040\000s\000t\000d\000:\000:\000s\000t\000r\000i\000n\000g\000\040\000g\000p\000u\000P\000a\000t\000h\000,\000\040\000s\000t\000d\000:\000:\000s\000t\000r\000i\000n\000g\000\040\000v\000P\000a\000t\000h\000,\000\040\000s\000t\000d\000:\000:\000s\000t\000r\000i\000n\000g\000\040\000f\000P\000a\000t\000h\000\051}{subsection.3.5.2}% 23
\BOOKMARK [1][-]{section.3.6}{\376\377\0003\000.\0006\000\040\000E\000n\000v\000i\000r\000o\000n\000m\000e\000n\000t\000\040\000C\000l\000a\000s\000s\000\040\000R\000e\000f\000e\000r\000e\000n\000c\000e}{chapter.3}% 24
\BOOKMARK [2][-]{subsection.3.6.1}{\376\377\0003\000.\0006\000.\0001\000\040\000D\000e\000t\000a\000i\000l\000e\000d\000\040\000D\000e\000s\000c\000r\000i\000p\000t\000i\000o\000n}{section.3.6}% 25
\BOOKMARK [2][-]{subsection.3.6.2}{\376\377\0003\000.\0006\000.\0002\000\040\000M\000e\000m\000b\000e\000r\000\040\000F\000u\000n\000c\000t\000i\000o\000n\000\040\000D\000o\000c\000u\000m\000e\000n\000t\000a\000t\000i\000o\000n}{section.3.6}% 26
\BOOKMARK [3][-]{subsubsection.3.6.2.1}{\376\377\0003\000.\0006\000.\0002\000.\0001\000\040\000c\000h\000a\000n\000g\000e\000S\000h\000a\000d\000e\000r\000\050\000S\000h\000a\000d\000e\000r\000\040\000*\000n\000e\000x\000t\000S\000h\000a\000d\000e\000r\000\051}{subsection.3.6.2}% 27
\BOOKMARK [3][-]{subsubsection.3.6.2.2}{\376\377\0003\000.\0006\000.\0002\000.\0002\000\040\000p\000r\000o\000c\000e\000s\000s\000K\000B\000\050\000i\000n\000t\000\040\000k\000e\000y\000,\000\040\000i\000n\000t\000\040\000s\000c\000a\000n\000c\000o\000d\000e\000,\000\040\000i\000n\000t\000\040\000a\000c\000t\000i\000o\000n\000,\000\040\000i\000n\000t\000\040\000m\000o\000d\000s\000\051\000=\0000}{subsection.3.6.2}% 28
\BOOKMARK [3][-]{subsubsection.3.6.2.3}{\376\377\0003\000.\0006\000.\0002\000.\0003\000\040\000p\000r\000o\000c\000e\000s\000s\000M\000o\000u\000s\000e\000C\000l\000i\000c\000k\000\050\000i\000n\000t\000\040\000b\000u\000t\000t\000o\000n\000,\000\040\000i\000n\000t\000\040\000a\000c\000t\000i\000o\000n\000,\000\040\000i\000n\000t\000\040\000m\000o\000d\000s\000\051\000=\0000}{subsection.3.6.2}% 29
\BOOKMARK [3][-]{subsubsection.3.6.2.4}{\376\377\0003\000.\0006\000.\0002\000.\0004\000\040\000p\000r\000o\000c\000e\000s\000s\000M\000o\000u\000s\000e\000P\000o\000s\000i\000t\000i\000o\000n\000\050\000f\000l\000o\000a\000t\000\040\000x\000p\000o\000s\000,\000\040\000f\000l\000o\000a\000t\000\040\000y\000p\000o\000s\000\051\000=\0000}{subsection.3.6.2}% 30
\BOOKMARK [3][-]{subsubsection.3.6.2.5}{\376\377\0003\000.\0006\000.\0002\000.\0005\000\040\000u\000p\000d\000a\000t\000e\000E\000n\000v\000i\000r\000o\000n\000m\000e\000n\000t\000\050\000d\000o\000u\000b\000l\000e\000\040\000d\000t\000\051\000=\0000}{subsection.3.6.2}% 31
\BOOKMARK [1][-]{section.3.7}{\376\377\0003\000.\0007\000\040\000G\000a\000m\000e\000\040\000C\000l\000a\000s\000s\000\040\000R\000e\000f\000e\000r\000e\000n\000c\000e}{chapter.3}% 32
\BOOKMARK [2][-]{subsection.3.7.1}{\376\377\0003\000.\0007\000.\0001\000\040\000D\000e\000t\000a\000i\000l\000e\000d\000\040\000D\000e\000s\000c\000r\000i\000p\000t\000i\000o\000n}{section.3.7}% 33
\BOOKMARK [1][-]{section.3.8}{\376\377\0003\000.\0008\000\040\000G\000o\000a\000l\000\040\000C\000l\000a\000s\000s\000\040\000R\000e\000f\000e\000r\000e\000n\000c\000e}{chapter.3}% 34
\BOOKMARK [2][-]{subsection.3.8.1}{\376\377\0003\000.\0008\000.\0001\000\040\000D\000e\000t\000a\000i\000l\000e\000d\000\040\000D\000e\000s\000c\000r\000i\000p\000t\000i\000o\000n}{section.3.8}% 35
\BOOKMARK [2][-]{subsection.3.8.2}{\376\377\0003\000.\0008\000.\0002\000\040\000C\000o\000n\000s\000t\000r\000u\000c\000t\000o\000r\000\040\000\046\000\040\000D\000e\000s\000t\000r\000u\000c\000t\000o\000r\000\040\000D\000o\000c\000u\000m\000e\000n\000t\000a\000t\000i\000o\000n}{section.3.8}% 36
\BOOKMARK [3][-]{subsubsection.3.8.2.1}{\376\377\0003\000.\0008\000.\0002\000.\0001\000\040\000G\000o\000a\000l\000\050\000f\000l\000o\000a\000t\000\040\000x\0001\000,\000\040\000f\000l\000o\000a\000t\000\040\000x\0002\000,\000\040\000f\000l\000o\000a\000t\000\040\000y\000m\000i\000d\000,\000\040\000f\000l\000o\000a\000t\000\040\000t\000h\000i\000c\000k\000n\000e\000s\000s\000=\0005\0000\000.\0000\000f\000\051}{subsection.3.8.2}% 37
\BOOKMARK [1][-]{section.3.9}{\376\377\0003\000.\0009\000\040\000H\000e\000r\000o\000\040\000C\000l\000a\000s\000s\000\040\000R\000e\000f\000e\000r\000e\000n\000c\000e}{chapter.3}% 38
\BOOKMARK [2][-]{subsection.3.9.1}{\376\377\0003\000.\0009\000.\0001\000\040\000D\000e\000t\000a\000i\000l\000e\000d\000\040\000D\000e\000s\000c\000r\000i\000p\000t\000i\000o\000n}{section.3.9}% 39
\BOOKMARK [2][-]{subsection.3.9.2}{\376\377\0003\000.\0009\000.\0002\000\040\000C\000o\000n\000s\000t\000r\000u\000c\000t\000o\000r\000\040\000\046\000\040\000D\000e\000s\000t\000r\000u\000c\000t\000o\000r\000\040\000D\000o\000c\000u\000m\000e\000n\000t\000a\000t\000i\000o\000n}{section.3.9}% 40
\BOOKMARK [3][-]{subsubsection.3.9.2.1}{\376\377\0003\000.\0009\000.\0002\000.\0001\000\040\000H\000e\000r\000o\000\050\000f\000l\000o\000a\000t\000\040\000x\000,\000\040\000f\000l\000o\000a\000t\000\040\000y\000\051}{subsection.3.9.2}% 41
\BOOKMARK [1][-]{section.3.10}{\376\377\0003\000.\0001\0000\000\040\000K\000i\000n\000e\000m\000a\000t\000i\000c\000O\000b\000j\000e\000c\000t\000\040\000C\000l\000a\000s\000s\000\040\000R\000e\000f\000e\000r\000e\000n\000c\000e}{chapter.3}% 42
\BOOKMARK [2][-]{subsection.3.10.1}{\376\377\0003\000.\0001\0000\000.\0001\000\040\000D\000e\000t\000a\000i\000l\000e\000d\000\040\000D\000e\000s\000c\000r\000i\000p\000t\000i\000o\000n}{section.3.10}% 43
\BOOKMARK [2][-]{subsection.3.10.2}{\376\377\0003\000.\0001\0000\000.\0002\000\040\000C\000o\000n\000s\000t\000r\000u\000c\000t\000o\000r\000\040\000\046\000\040\000D\000e\000s\000t\000r\000u\000c\000t\000o\000r\000\040\000D\000o\000c\000u\000m\000e\000n\000t\000a\000t\000i\000o\000n}{section.3.10}% 44
\BOOKMARK [3][-]{subsubsection.3.10.2.1}{\376\377\0003\000.\0001\0000\000.\0002\000.\0001\000\040\000K\000i\000n\000e\000m\000a\000t\000i\000c\000O\000b\000j\000e\000c\000t\000\050\000f\000l\000o\000a\000t\000\040\000x\000,\000\040\000f\000l\000o\000a\000t\000\040\000y\000,\000\040\000f\000l\000o\000a\000t\000\040\000s\000c\000a\000l\000e\000,\000\040\000f\000l\000o\000a\000t\000\040\000e\000l\000a\000s\000t\000,\000\040\000f\000l\000o\000a\000t\000\040\000f\000r\000i\000c\000,\000\040\000i\000n\000t\000\040\000t\000y\000p\000e\000,\000\040\000s\000t\000d\000:\000:\000s\000t\000r\000i\000n\000g\000\040\000g\000p\000u\000P\000a\000t\000h\000,\000\040\000s\000t\000d\000:\000:\000s\000t\000r\000i\000n\000g\000\040\000v\000P\000a\000t\000h\000,\000\040\000s\000t\000d\000:\000:\000s\000t\000r\000i\000n\000g\000\040\000f\000P\000a\000t\000h\000\051}{subsection.3.10.2}% 45
\BOOKMARK [2][-]{subsection.3.10.3}{\376\377\0003\000.\0001\0000\000.\0003\000\040\000M\000e\000m\000b\000e\000r\000\040\000F\000u\000n\000c\000t\000i\000o\000n\000\040\000D\000o\000c\000u\000m\000e\000n\000t\000a\000t\000i\000o\000n}{section.3.10}% 46
\BOOKMARK [3][-]{subsubsection.3.10.3.1}{\376\377\0003\000.\0001\0000\000.\0003\000.\0001\000\040\000u\000p\000d\000a\000t\000e\000\050\000f\000l\000o\000a\000t\000\040\000d\000t\000\051}{subsection.3.10.3}% 47
\BOOKMARK [1][-]{section.3.11}{\376\377\0003\000.\0001\0001\000\040\000M\000e\000n\000u\000\040\000C\000l\000a\000s\000s\000\040\000R\000e\000f\000e\000r\000e\000n\000c\000e}{chapter.3}% 48
\BOOKMARK [2][-]{subsection.3.11.1}{\376\377\0003\000.\0001\0001\000.\0001\000\040\000D\000e\000t\000a\000i\000l\000e\000d\000\040\000D\000e\000s\000c\000r\000i\000p\000t\000i\000o\000n}{section.3.11}% 49
\BOOKMARK [2][-]{subsection.3.11.2}{\376\377\0003\000.\0001\0001\000.\0002\000\040\000M\000e\000m\000b\000e\000r\000\040\000F\000u\000n\000c\000t\000i\000o\000n\000\040\000D\000o\000c\000u\000m\000e\000n\000t\000a\000t\000i\000o\000n}{section.3.11}% 50
\BOOKMARK [3][-]{subsubsection.3.11.2.1}{\376\377\0003\000.\0001\0001\000.\0002\000.\0001\000\040\000p\000r\000o\000c\000e\000s\000s\000K\000B\000\050\000i\000n\000t\000\040\000k\000e\000y\000,\000\040\000i\000n\000t\000\040\000s\000c\000a\000n\000c\000o\000d\000e\000,\000\040\000i\000n\000t\000\040\000a\000c\000t\000i\000o\000n\000,\000\040\000i\000n\000t\000\040\000m\000o\000d\000s\000\051}{subsection.3.11.2}% 51
\BOOKMARK [3][-]{subsubsection.3.11.2.2}{\376\377\0003\000.\0001\0001\000.\0002\000.\0002\000\040\000p\000r\000o\000c\000e\000s\000s\000M\000o\000u\000s\000e\000C\000l\000i\000c\000k\000\050\000i\000n\000t\000\040\000b\000u\000t\000t\000o\000n\000,\000\040\000i\000n\000t\000\040\000a\000c\000t\000i\000o\000n\000,\000\040\000i\000n\000t\000\040\000m\000o\000d\000s\000\051}{subsection.3.11.2}% 52
\BOOKMARK [3][-]{subsubsection.3.11.2.3}{\376\377\0003\000.\0001\0001\000.\0002\000.\0003\000\040\000p\000r\000o\000c\000e\000s\000s\000M\000o\000u\000s\000e\000P\000o\000s\000i\000t\000i\000o\000n\000\050\000f\000l\000o\000a\000t\000\040\000x\000p\000o\000s\000,\000\040\000f\000l\000o\000a\000t\000\040\000y\000p\000o\000s\000\051}{subsection.3.11.2}% 53
\BOOKMARK [3][-]{subsubsection.3.11.2.4}{\376\377\0003\000.\0001\0001\000.\0002\000.\0004\000\040\000s\000h\000o\000w\000L\000e\000v\000e\000l\000S\000u\000b\000M\000e\000n\000u\000\050\000b\000o\000o\000l\000\040\000b\000S\000h\000o\000w\000\051}{subsection.3.11.2}% 54
\BOOKMARK [3][-]{subsubsection.3.11.2.5}{\376\377\0003\000.\0001\0001\000.\0002\000.\0005\000\040\000S\000h\000o\000w\000S\000u\000b\000M\000e\000n\000u\000\050\000i\000n\000t\000\040\000l\000e\000v\000e\000l\000,\000\040\000b\000o\000o\000l\000\040\000b\000S\000h\000o\000w\000=\000t\000r\000u\000e\000\051}{subsection.3.11.2}% 55
\BOOKMARK [3][-]{subsubsection.3.11.2.6}{\376\377\0003\000.\0001\0001\000.\0002\000.\0006\000\040\000u\000p\000d\000a\000t\000e\000E\000n\000v\000i\000r\000o\000n\000m\000e\000n\000t\000\050\000d\000o\000u\000b\000l\000e\000\040\000d\000t\000\051}{subsection.3.11.2}% 56
\BOOKMARK [1][-]{section.3.12}{\376\377\0003\000.\0001\0002\000\040\000M\000o\000v\000i\000n\000g\000P\000l\000a\000t\000f\000o\000r\000m\000\040\000C\000l\000a\000s\000s\000\040\000R\000e\000f\000e\000r\000e\000n\000c\000e}{chapter.3}% 57
\BOOKMARK [2][-]{subsection.3.12.1}{\376\377\0003\000.\0001\0002\000.\0001\000\040\000D\000e\000t\000a\000i\000l\000e\000d\000\040\000D\000e\000s\000c\000r\000i\000p\000t\000i\000o\000n}{section.3.12}% 58
\BOOKMARK [2][-]{subsection.3.12.2}{\376\377\0003\000.\0001\0002\000.\0002\000\040\000C\000o\000n\000s\000t\000r\000u\000c\000t\000o\000r\000\040\000\046\000\040\000D\000e\000s\000t\000r\000u\000c\000t\000o\000r\000\040\000D\000o\000c\000u\000m\000e\000n\000t\000a\000t\000i\000o\000n}{section.3.12}% 59
\BOOKMARK [3][-]{subsubsection.3.12.2.1}{\376\377\0003\000.\0001\0002\000.\0002\000.\0001\000\040\000M\000o\000v\000i\000n\000g\000P\000l\000a\000t\000f\000o\000r\000m\000\050\000f\000l\000o\000a\000t\000\040\000w\000,\000\040\000f\000l\000o\000a\000t\000\040\000s\000p\000e\000e\000d\000,\000\040\000s\000t\000d\000:\000:\000v\000e\000c\000t\000o\000r\000<\000\040\000c\000p\000V\000e\000c\000t\000\040\000>\000\040\000p\000a\000t\000h\000,\000\040\000f\000l\000o\000a\000t\000\040\000t\000h\000i\000c\000k\000n\000e\000s\000s\000=\0005\0000\000.\0000\000f\000\051}{subsection.3.12.2}% 60
\BOOKMARK [2][-]{subsection.3.12.3}{\376\377\0003\000.\0001\0002\000.\0003\000\040\000M\000e\000m\000b\000e\000r\000\040\000F\000u\000n\000c\000t\000i\000o\000n\000\040\000D\000o\000c\000u\000m\000e\000n\000t\000a\000t\000i\000o\000n}{section.3.12}% 61
\BOOKMARK [3][-]{subsubsection.3.12.3.1}{\376\377\0003\000.\0001\0002\000.\0003\000.\0001\000\040\000u\000p\000d\000a\000t\000e\000\050\000f\000l\000o\000a\000t\000\040\000d\000t\000\051}{subsection.3.12.3}% 62
\BOOKMARK [1][-]{section.3.13}{\376\377\0003\000.\0001\0003\000\040\000O\000b\000j\000\040\000C\000l\000a\000s\000s\000\040\000R\000e\000f\000e\000r\000e\000n\000c\000e}{chapter.3}% 63
\BOOKMARK [2][-]{subsection.3.13.1}{\376\377\0003\000.\0001\0003\000.\0001\000\040\000D\000e\000t\000a\000i\000l\000e\000d\000\040\000D\000e\000s\000c\000r\000i\000p\000t\000i\000o\000n}{section.3.13}% 64
\BOOKMARK [2][-]{subsection.3.13.2}{\376\377\0003\000.\0001\0003\000.\0002\000\040\000M\000e\000m\000b\000e\000r\000\040\000F\000u\000n\000c\000t\000i\000o\000n\000\040\000D\000o\000c\000u\000m\000e\000n\000t\000a\000t\000i\000o\000n}{section.3.13}% 65
\BOOKMARK [3][-]{subsubsection.3.13.2.1}{\376\377\0003\000.\0001\0003\000.\0002\000.\0001\000\040\000r\000e\000n\000d\000e\000r\000\050\000g\000l\000m\000:\000:\000v\000e\000c\0003\000\040\000p\000o\000s\000,\000\040\000f\000l\000o\000a\000t\000\040\000a\000n\000g\000l\000e\000\051}{subsection.3.13.2}% 66
\BOOKMARK [1][-]{section.3.14}{\376\377\0003\000.\0001\0004\000\040\000O\000b\000j\000G\000P\000U\000D\000a\000t\000a\000\040\000C\000l\000a\000s\000s\000\040\000R\000e\000f\000e\000r\000e\000n\000c\000e}{chapter.3}% 67
\BOOKMARK [2][-]{subsection.3.14.1}{\376\377\0003\000.\0001\0004\000.\0001\000\040\000D\000e\000t\000a\000i\000l\000e\000d\000\040\000D\000e\000s\000c\000r\000i\000p\000t\000i\000o\000n}{section.3.14}% 68
\BOOKMARK [2][-]{subsection.3.14.2}{\376\377\0003\000.\0001\0004\000.\0002\000\040\000C\000o\000n\000s\000t\000r\000u\000c\000t\000o\000r\000\040\000\046\000\040\000D\000e\000s\000t\000r\000u\000c\000t\000o\000r\000\040\000D\000o\000c\000u\000m\000e\000n\000t\000a\000t\000i\000o\000n}{section.3.14}% 69
\BOOKMARK [3][-]{subsubsection.3.14.2.1}{\376\377\0003\000.\0001\0004\000.\0002\000.\0001\000\040\000O\000b\000j\000G\000P\000U\000D\000a\000t\000a\000\050\000c\000o\000n\000s\000t\000\040\000c\000h\000a\000r\000\040\000*\000o\000b\000j\000F\000i\000l\000e\000,\000\040\000f\000l\000o\000a\000t\000\040\000a\000n\000g\000l\000e\000=\0000\000.\0000\000f\000,\000\040\000b\000o\000o\000l\000\040\000s\000c\000a\000l\000i\000n\000g\000M\000o\000d\000e\000=\000t\000r\000u\000e\000\051}{subsection.3.14.2}% 70
\BOOKMARK [2][-]{subsection.3.14.3}{\376\377\0003\000.\0001\0004\000.\0003\000\040\000M\000e\000m\000b\000e\000r\000\040\000F\000u\000n\000c\000t\000i\000o\000n\000\040\000D\000o\000c\000u\000m\000e\000n\000t\000a\000t\000i\000o\000n}{section.3.14}% 71
\BOOKMARK [3][-]{subsubsection.3.14.3.1}{\376\377\0003\000.\0001\0004\000.\0003\000.\0001\000\040\000g\000e\000t\000D\000a\000t\000a\000T\000y\000p\000e\000\050\000s\000t\000d\000:\000:\000s\000t\000r\000i\000n\000g\000\040\000d\000a\000t\000a\000T\000y\000p\000e\000S\000t\000r\000i\000n\000g\000\051}{subsection.3.14.3}% 72
\BOOKMARK [3][-]{subsubsection.3.14.3.2}{\376\377\0003\000.\0001\0004\000.\0003\000.\0002\000\040\000g\000e\000t\000M\000t\000l\000D\000a\000t\000a\000T\000y\000p\000e\000\050\000s\000t\000d\000:\000:\000s\000t\000r\000i\000n\000g\000\040\000d\000a\000t\000a\000T\000y\000p\000e\000S\000t\000r\000i\000n\000g\000\051}{subsection.3.14.3}% 73
\BOOKMARK [3][-]{subsubsection.3.14.3.3}{\376\377\0003\000.\0001\0004\000.\0003\000.\0003\000\040\000l\000o\000a\000d\000O\000b\000j\000e\000c\000t\000\050\000c\000o\000n\000s\000t\000\040\000c\000h\000a\000r\000\040\000*\000f\000i\000l\000e\000N\000a\000m\000e\000\051}{subsection.3.14.3}% 74
\BOOKMARK [1][-]{section.3.15}{\376\377\0003\000.\0001\0005\000\040\000O\000b\000j\000G\000P\000U\000D\000a\000t\000a\000S\000t\000o\000r\000e\000\040\000C\000l\000a\000s\000s\000\040\000R\000e\000f\000e\000r\000e\000n\000c\000e}{chapter.3}% 75
\BOOKMARK [2][-]{subsection.3.15.1}{\376\377\0003\000.\0001\0005\000.\0001\000\040\000D\000e\000t\000a\000i\000l\000e\000d\000\040\000D\000e\000s\000c\000r\000i\000p\000t\000i\000o\000n}{section.3.15}% 76
\BOOKMARK [2][-]{subsection.3.15.2}{\376\377\0003\000.\0001\0005\000.\0002\000\040\000M\000e\000m\000b\000e\000r\000\040\000F\000u\000n\000c\000t\000i\000o\000n\000\040\000D\000o\000c\000u\000m\000e\000n\000t\000a\000t\000i\000o\000n}{section.3.15}% 77
\BOOKMARK [3][-]{subsubsection.3.15.2.1}{\376\377\0003\000.\0001\0005\000.\0002\000.\0001\000\040\000a\000d\000d\000\050\000s\000t\000d\000:\000:\000s\000t\000r\000i\000n\000g\000\040\000p\000a\000t\000h\000,\000\040\000f\000l\000o\000a\000t\000\040\000a\000n\000g\000l\000e\000=\0000\000.\0000\000,\000\040\000b\000o\000o\000l\000\040\000s\000c\000a\000l\000i\000n\000g\000M\000o\000d\000e\000=\000t\000r\000u\000e\000\051}{subsection.3.15.2}% 78
\BOOKMARK [3][-]{subsubsection.3.15.2.2}{\376\377\0003\000.\0001\0005\000.\0002\000.\0002\000\040\000g\000e\000t\000\050\000s\000t\000d\000:\000:\000s\000t\000r\000i\000n\000g\000\040\000p\000a\000t\000h\000\051}{subsection.3.15.2}% 79
\BOOKMARK [1][-]{section.3.16}{\376\377\0003\000.\0001\0006\000\040\000P\000h\000y\000s\000i\000c\000s\000O\000b\000j\000e\000c\000t\000\040\000C\000l\000a\000s\000s\000\040\000R\000e\000f\000e\000r\000e\000n\000c\000e}{chapter.3}% 80
\BOOKMARK [2][-]{subsection.3.16.1}{\376\377\0003\000.\0001\0006\000.\0001\000\040\000D\000e\000t\000a\000i\000l\000e\000d\000\040\000D\000e\000s\000c\000r\000i\000p\000t\000i\000o\000n}{section.3.16}% 81
\BOOKMARK [1][-]{section.3.17}{\376\377\0003\000.\0001\0007\000\040\000P\000l\000a\000t\000f\000o\000r\000m\000\040\000C\000l\000a\000s\000s\000\040\000R\000e\000f\000e\000r\000e\000n\000c\000e}{chapter.3}% 82
\BOOKMARK [2][-]{subsection.3.17.1}{\376\377\0003\000.\0001\0007\000.\0001\000\040\000D\000e\000t\000a\000i\000l\000e\000d\000\040\000D\000e\000s\000c\000r\000i\000p\000t\000i\000o\000n}{section.3.17}% 83
\BOOKMARK [2][-]{subsection.3.17.2}{\376\377\0003\000.\0001\0007\000.\0002\000\040\000C\000o\000n\000s\000t\000r\000u\000c\000t\000o\000r\000\040\000\046\000\040\000D\000e\000s\000t\000r\000u\000c\000t\000o\000r\000\040\000D\000o\000c\000u\000m\000e\000n\000t\000a\000t\000i\000o\000n}{section.3.17}% 84
\BOOKMARK [3][-]{subsubsection.3.17.2.1}{\376\377\0003\000.\0001\0007\000.\0002\000.\0001\000\040\000P\000l\000a\000t\000f\000o\000r\000m\000\050\000f\000l\000o\000a\000t\000\040\000x\0001\000,\000\040\000f\000l\000o\000a\000t\000\040\000x\0002\000,\000\040\000f\000l\000o\000a\000t\000\040\000y\000m\000i\000d\000,\000\040\000f\000l\000o\000a\000t\000\040\000t\000h\000i\000c\000k\000n\000e\000s\000s\000=\0005\0000\000.\0000\000f\000\051}{subsection.3.17.2}% 85
\BOOKMARK [1][-]{section.3.18}{\376\377\0003\000.\0001\0008\000\040\000R\000a\000m\000p\000\040\000C\000l\000a\000s\000s\000\040\000R\000e\000f\000e\000r\000e\000n\000c\000e}{chapter.3}% 86
\BOOKMARK [2][-]{subsection.3.18.1}{\376\377\0003\000.\0001\0008\000.\0001\000\040\000D\000e\000t\000a\000i\000l\000e\000d\000\040\000D\000e\000s\000c\000r\000i\000p\000t\000i\000o\000n}{section.3.18}% 87
\BOOKMARK [2][-]{subsection.3.18.2}{\376\377\0003\000.\0001\0008\000.\0002\000\040\000C\000o\000n\000s\000t\000r\000u\000c\000t\000o\000r\000\040\000\046\000\040\000D\000e\000s\000t\000r\000u\000c\000t\000o\000r\000\040\000D\000o\000c\000u\000m\000e\000n\000t\000a\000t\000i\000o\000n}{section.3.18}% 88
\BOOKMARK [3][-]{subsubsection.3.18.2.1}{\376\377\0003\000.\0001\0008\000.\0002\000.\0001\000\040\000R\000a\000m\000p\000\050\000f\000l\000o\000a\000t\000\040\000x\0001\000,\000\040\000f\000l\000o\000a\000t\000\040\000x\0002\000,\000\040\000f\000l\000o\000a\000t\000\040\000y\0001\000,\000\040\000f\000l\000o\000a\000t\000\040\000y\0002\000,\000\040\000f\000l\000o\000a\000t\000\040\000t\000h\000i\000c\000k\000n\000e\000s\000s\000=\0005\0000\000.\0000\000f\000\051}{subsection.3.18.2}% 89
\BOOKMARK [1][-]{section.3.19}{\376\377\0003\000.\0001\0009\000\040\000S\000h\000a\000d\000e\000r\000\040\000C\000l\000a\000s\000s\000\040\000R\000e\000f\000e\000r\000e\000n\000c\000e}{chapter.3}% 90
\BOOKMARK [2][-]{subsection.3.19.1}{\376\377\0003\000.\0001\0009\000.\0001\000\040\000D\000e\000t\000a\000i\000l\000e\000d\000\040\000D\000e\000s\000c\000r\000i\000p\000t\000i\000o\000n}{section.3.19}% 91
\BOOKMARK [2][-]{subsection.3.19.2}{\376\377\0003\000.\0001\0009\000.\0002\000\040\000C\000o\000n\000s\000t\000r\000u\000c\000t\000o\000r\000\040\000\046\000\040\000D\000e\000s\000t\000r\000u\000c\000t\000o\000r\000\040\000D\000o\000c\000u\000m\000e\000n\000t\000a\000t\000i\000o\000n}{section.3.19}% 92
\BOOKMARK [3][-]{subsubsection.3.19.2.1}{\376\377\0003\000.\0001\0009\000.\0002\000.\0001\000\040\000S\000h\000a\000d\000e\000r\000\050\000c\000o\000n\000s\000t\000\040\000c\000h\000a\000r\000\040\000*\000v\000S\000h\000a\000d\000e\000r\000,\000\040\000c\000o\000n\000s\000t\000\040\000c\000h\000a\000r\000\040\000*\000f\000S\000h\000a\000d\000e\000r\000\051}{subsection.3.19.2}% 93
\BOOKMARK [1][-]{section.3.20}{\376\377\0003\000.\0002\0000\000\040\000S\000h\000a\000d\000e\000r\000S\000t\000o\000r\000e\000\040\000C\000l\000a\000s\000s\000\040\000R\000e\000f\000e\000r\000e\000n\000c\000e}{chapter.3}% 94
\BOOKMARK [2][-]{subsection.3.20.1}{\376\377\0003\000.\0002\0000\000.\0001\000\040\000D\000e\000t\000a\000i\000l\000e\000d\000\040\000D\000e\000s\000c\000r\000i\000p\000t\000i\000o\000n}{section.3.20}% 95
\BOOKMARK [2][-]{subsection.3.20.2}{\376\377\0003\000.\0002\0000\000.\0002\000\040\000M\000e\000m\000b\000e\000r\000\040\000F\000u\000n\000c\000t\000i\000o\000n\000\040\000D\000o\000c\000u\000m\000e\000n\000t\000a\000t\000i\000o\000n}{section.3.20}% 96
\BOOKMARK [3][-]{subsubsection.3.20.2.1}{\376\377\0003\000.\0002\0000\000.\0002\000.\0001\000\040\000a\000d\000d\000\050\000s\000t\000d\000:\000:\000s\000t\000r\000i\000n\000g\000\040\000v\000p\000a\000t\000h\000,\000\040\000s\000t\000d\000:\000:\000s\000t\000r\000i\000n\000g\000\040\000f\000p\000a\000t\000h\000\051}{subsection.3.20.2}% 97
\BOOKMARK [3][-]{subsubsection.3.20.2.2}{\376\377\0003\000.\0002\0000\000.\0002\000.\0002\000\040\000g\000e\000t\000\050\000s\000t\000d\000:\000:\000s\000t\000r\000i\000n\000g\000\040\000v\000p\000a\000t\000h\000,\000\040\000s\000t\000d\000:\000:\000s\000t\000r\000i\000n\000g\000\040\000f\000p\000a\000t\000h\000\051}{subsection.3.20.2}% 98
\BOOKMARK [1][-]{section.3.21}{\376\377\0003\000.\0002\0001\000\040\000S\000k\000y\000b\000o\000x\000\040\000C\000l\000a\000s\000s\000\040\000R\000e\000f\000e\000r\000e\000n\000c\000e}{chapter.3}% 99
\BOOKMARK [2][-]{subsection.3.21.1}{\376\377\0003\000.\0002\0001\000.\0001\000\040\000D\000e\000t\000a\000i\000l\000e\000d\000\040\000D\000e\000s\000c\000r\000i\000p\000t\000i\000o\000n}{section.3.21}% 100
\BOOKMARK [2][-]{subsection.3.21.2}{\376\377\0003\000.\0002\0001\000.\0002\000\040\000C\000o\000n\000s\000t\000r\000u\000c\000t\000o\000r\000\040\000\046\000\040\000D\000e\000s\000t\000r\000u\000c\000t\000o\000r\000\040\000D\000o\000c\000u\000m\000e\000n\000t\000a\000t\000i\000o\000n}{section.3.21}% 101
\BOOKMARK [3][-]{subsubsection.3.21.2.1}{\376\377\0003\000.\0002\0001\000.\0002\000.\0001\000\040\000S\000k\000y\000b\000o\000x\000\050\000f\000l\000o\000a\000t\000\040\000x\000,\000\040\000f\000l\000o\000a\000t\000\040\000y\000,\000\040\000i\000n\000t\000\040\000b\000g\000N\000u\000m\000\051}{subsection.3.21.2}% 102
\BOOKMARK [1][-]{section.3.22}{\376\377\0003\000.\0002\0002\000\040\000S\000o\000u\000n\000d\000\040\000C\000l\000a\000s\000s\000\040\000R\000e\000f\000e\000r\000e\000n\000c\000e}{chapter.3}% 103
\BOOKMARK [2][-]{subsection.3.22.1}{\376\377\0003\000.\0002\0002\000.\0001\000\040\000D\000e\000t\000a\000i\000l\000e\000d\000\040\000D\000e\000s\000c\000r\000i\000p\000t\000i\000o\000n}{section.3.22}% 104
\BOOKMARK [2][-]{subsection.3.22.2}{\376\377\0003\000.\0002\0002\000.\0002\000\040\000C\000o\000n\000s\000t\000r\000u\000c\000t\000o\000r\000\040\000\046\000\040\000D\000e\000s\000t\000r\000u\000c\000t\000o\000r\000\040\000D\000o\000c\000u\000m\000e\000n\000t\000a\000t\000i\000o\000n}{section.3.22}% 105
\BOOKMARK [3][-]{subsubsection.3.22.2.1}{\376\377\0003\000.\0002\0002\000.\0002\000.\0001\000\040\000S\000o\000u\000n\000d\000\050\000s\000t\000d\000:\000:\000s\000t\000r\000i\000n\000g\000\040\000p\000a\000t\000h\000\051}{subsection.3.22.2}% 106
\BOOKMARK [1][-]{section.3.23}{\376\377\0003\000.\0002\0003\000\040\000S\000o\000u\000n\000d\000S\000t\000o\000r\000e\000\040\000C\000l\000a\000s\000s\000\040\000R\000e\000f\000e\000r\000e\000n\000c\000e}{chapter.3}% 107
\BOOKMARK [2][-]{subsection.3.23.1}{\376\377\0003\000.\0002\0003\000.\0001\000\040\000D\000e\000t\000a\000i\000l\000e\000d\000\040\000D\000e\000s\000c\000r\000i\000p\000t\000i\000o\000n}{section.3.23}% 108
\BOOKMARK [2][-]{subsection.3.23.2}{\376\377\0003\000.\0002\0003\000.\0002\000\040\000M\000e\000m\000b\000e\000r\000\040\000F\000u\000n\000c\000t\000i\000o\000n\000\040\000D\000o\000c\000u\000m\000e\000n\000t\000a\000t\000i\000o\000n}{section.3.23}% 109
\BOOKMARK [3][-]{subsubsection.3.23.2.1}{\376\377\0003\000.\0002\0003\000.\0002\000.\0001\000\040\000a\000d\000d\000\050\000s\000t\000d\000:\000:\000s\000t\000r\000i\000n\000g\000\040\000p\000a\000t\000h\000\051}{subsection.3.23.2}% 110
\BOOKMARK [3][-]{subsubsection.3.23.2.2}{\376\377\0003\000.\0002\0003\000.\0002\000.\0002\000\040\000g\000e\000t\000\050\000s\000t\000d\000:\000:\000s\000t\000r\000i\000n\000g\000\040\000p\000a\000t\000h\000\051}{subsection.3.23.2}% 111
\BOOKMARK [1][-]{section.3.24}{\376\377\0003\000.\0002\0004\000\040\000S\000p\000e\000a\000r\000\040\000C\000l\000a\000s\000s\000\040\000R\000e\000f\000e\000r\000e\000n\000c\000e}{chapter.3}% 112
\BOOKMARK [2][-]{subsection.3.24.1}{\376\377\0003\000.\0002\0004\000.\0001\000\040\000D\000e\000t\000a\000i\000l\000e\000d\000\040\000D\000e\000s\000c\000r\000i\000p\000t\000i\000o\000n}{section.3.24}% 113
\BOOKMARK [2][-]{subsection.3.24.2}{\376\377\0003\000.\0002\0004\000.\0002\000\040\000C\000o\000n\000s\000t\000r\000u\000c\000t\000o\000r\000\040\000\046\000\040\000D\000e\000s\000t\000r\000u\000c\000t\000o\000r\000\040\000D\000o\000c\000u\000m\000e\000n\000t\000a\000t\000i\000o\000n}{section.3.24}% 114
\BOOKMARK [3][-]{subsubsection.3.24.2.1}{\376\377\0003\000.\0002\0004\000.\0002\000.\0001\000\040\000S\000p\000e\000a\000r\000\050\000f\000l\000o\000a\000t\000\040\000x\000,\000\040\000f\000l\000o\000a\000t\000\040\000y\000,\000\040\000f\000l\000o\000a\000t\000\040\000r\000o\000t\000a\000t\000i\000o\000n\000=\0000\000.\0000\000f\000\051}{subsection.3.24.2}% 115
\BOOKMARK [1][-]{section.3.25}{\376\377\0003\000.\0002\0005\000\040\000S\000p\000i\000k\000e\000s\000\040\000C\000l\000a\000s\000s\000\040\000R\000e\000f\000e\000r\000e\000n\000c\000e}{chapter.3}% 116
\BOOKMARK [2][-]{subsection.3.25.1}{\376\377\0003\000.\0002\0005\000.\0001\000\040\000D\000e\000t\000a\000i\000l\000e\000d\000\040\000D\000e\000s\000c\000r\000i\000p\000t\000i\000o\000n}{section.3.25}% 117
\BOOKMARK [2][-]{subsection.3.25.2}{\376\377\0003\000.\0002\0005\000.\0002\000\040\000C\000o\000n\000s\000t\000r\000u\000c\000t\000o\000r\000\040\000\046\000\040\000D\000e\000s\000t\000r\000u\000c\000t\000o\000r\000\040\000D\000o\000c\000u\000m\000e\000n\000t\000a\000t\000i\000o\000n}{section.3.25}% 118
\BOOKMARK [3][-]{subsubsection.3.25.2.1}{\376\377\0003\000.\0002\0005\000.\0002\000.\0001\000\040\000S\000p\000i\000k\000e\000s\000\050\000f\000l\000o\000a\000t\000\040\000x\000,\000\040\000f\000l\000o\000a\000t\000\040\000y\000,\000\040\000f\000l\000o\000a\000t\000\040\000r\000o\000t\000a\000t\000i\000o\000n\000=\0000\000.\0000\000f\000\051}{subsection.3.25.2}% 119
\BOOKMARK [1][-]{section.3.26}{\376\377\0003\000.\0002\0006\000\040\000S\000t\000a\000g\000e\000\040\000C\000l\000a\000s\000s\000\040\000R\000e\000f\000e\000r\000e\000n\000c\000e}{chapter.3}% 120
\BOOKMARK [2][-]{subsection.3.26.1}{\376\377\0003\000.\0002\0006\000.\0001\000\040\000D\000e\000t\000a\000i\000l\000e\000d\000\040\000D\000e\000s\000c\000r\000i\000p\000t\000i\000o\000n}{section.3.26}% 121
\BOOKMARK [2][-]{subsection.3.26.2}{\376\377\0003\000.\0002\0006\000.\0002\000\040\000M\000e\000m\000b\000e\000r\000\040\000F\000u\000n\000c\000t\000i\000o\000n\000\040\000D\000o\000c\000u\000m\000e\000n\000t\000a\000t\000i\000o\000n}{section.3.26}% 122
\BOOKMARK [3][-]{subsubsection.3.26.2.1}{\376\377\0003\000.\0002\0006\000.\0002\000.\0001\000\040\000c\000h\000e\000c\000k\000C\000o\000m\000p\000l\000e\000t\000i\000o\000n\000\050\000\051}{subsection.3.26.2}% 123
\BOOKMARK [3][-]{subsubsection.3.26.2.2}{\376\377\0003\000.\0002\0006\000.\0002\000.\0002\000\040\000d\000r\000a\000w\000O\000b\000j\000\050\000P\000h\000y\000s\000i\000c\000s\000O\000b\000j\000e\000c\000t\000\040\000c\000u\000r\000r\000e\000n\000t\000O\000b\000j\000,\000\040\000b\000o\000o\000l\000\040\000i\000s\000B\000o\000u\000n\000d\000a\000r\000y\000=\000f\000a\000l\000s\000e\000\051}{subsection.3.26.2}% 124
\BOOKMARK [3][-]{subsubsection.3.26.2.3}{\376\377\0003\000.\0002\0006\000.\0002\000.\0003\000\040\000p\000r\000o\000c\000e\000s\000s\000K\000B\000\050\000i\000n\000t\000\040\000k\000e\000y\000,\000\040\000i\000n\000t\000\040\000s\000c\000a\000n\000c\000o\000d\000e\000,\000\040\000i\000n\000t\000\040\000a\000c\000t\000i\000o\000n\000,\000\040\000i\000n\000t\000\040\000m\000o\000d\000s\000\051}{subsection.3.26.2}% 125
\BOOKMARK [3][-]{subsubsection.3.26.2.4}{\376\377\0003\000.\0002\0006\000.\0002\000.\0004\000\040\000p\000r\000o\000c\000e\000s\000s\000M\000o\000u\000s\000e\000C\000l\000i\000c\000k\000\050\000i\000n\000t\000\040\000b\000u\000t\000t\000o\000n\000,\000\040\000i\000n\000t\000\040\000a\000c\000t\000i\000o\000n\000,\000\040\000i\000n\000t\000\040\000m\000o\000d\000s\000\051}{subsection.3.26.2}% 126
\BOOKMARK [3][-]{subsubsection.3.26.2.5}{\376\377\0003\000.\0002\0006\000.\0002\000.\0005\000\040\000p\000r\000o\000c\000e\000s\000s\000M\000o\000u\000s\000e\000P\000o\000s\000i\000t\000i\000o\000n\000\050\000f\000l\000o\000a\000t\000\040\000x\000p\000o\000s\000,\000\040\000f\000l\000o\000a\000t\000\040\000y\000p\000o\000s\000\051}{subsection.3.26.2}% 127
\BOOKMARK [3][-]{subsubsection.3.26.2.6}{\376\377\0003\000.\0002\0006\000.\0002\000.\0006\000\040\000u\000p\000d\000a\000t\000e\000E\000n\000v\000i\000r\000o\000n\000m\000e\000n\000t\000\050\000d\000o\000u\000b\000l\000e\000\040\000d\000t\000\051}{subsection.3.26.2}% 128
\BOOKMARK [1][-]{section.3.27}{\376\377\0003\000.\0002\0007\000\040\000S\000t\000a\000g\000e\000L\000o\000a\000d\000e\000r\000\040\000C\000l\000a\000s\000s\000\040\000R\000e\000f\000e\000r\000e\000n\000c\000e}{chapter.3}% 129
\BOOKMARK [2][-]{subsection.3.27.1}{\376\377\0003\000.\0002\0007\000.\0001\000\040\000D\000e\000t\000a\000i\000l\000e\000d\000\040\000D\000e\000s\000c\000r\000i\000p\000t\000i\000o\000n}{section.3.27}% 130
\BOOKMARK [2][-]{subsection.3.27.2}{\376\377\0003\000.\0002\0007\000.\0002\000\040\000C\000o\000n\000s\000t\000r\000u\000c\000t\000o\000r\000\040\000\046\000\040\000D\000e\000s\000t\000r\000u\000c\000t\000o\000r\000\040\000D\000o\000c\000u\000m\000e\000n\000t\000a\000t\000i\000o\000n}{section.3.27}% 131
\BOOKMARK [3][-]{subsubsection.3.27.2.1}{\376\377\0003\000.\0002\0007\000.\0002\000.\0001\000\040\000S\000t\000a\000g\000e\000L\000o\000a\000d\000e\000r\000\050\000s\000t\000d\000:\000:\000s\000t\000r\000i\000n\000g\000\040\000f\000i\000l\000e\000N\000a\000m\000e\000,\000\040\000s\000t\000d\000:\000:\000v\000e\000c\000t\000o\000r\000<\000\040\000P\000h\000y\000s\000i\000c\000s\000O\000b\000j\000e\000c\000t\000\040\000*\000\040\000>\000\040\000p\000h\000y\000s\000i\000c\000s\000O\000b\000j\000e\000c\000t\000s\000,\000\040\000s\000t\000d\000:\000:\000v\000e\000c\000t\000o\000r\000<\000\040\000K\000i\000n\000e\000m\000a\000t\000i\000c\000O\000b\000j\000e\000c\000t\000\040\000*\000\040\000>\000\040\000k\000i\000n\000e\000m\000a\000t\000i\000c\000O\000b\000j\000e\000c\000t\000s\000,\000\040\000s\000t\000d\000:\000:\000v\000e\000c\000t\000o\000r\000<\000\040\000S\000t\000a\000n\000d\000a\000r\000d\000O\000b\000j\000e\000c\000t\000\040\000*\000\040\000>\000\040\000s\000t\000a\000n\000d\000a\000r\000d\000O\000b\000j\000e\000c\000t\000s\000,\000\040\000S\000k\000y\000b\000o\000x\000\040\000*\000s\000k\000y\000b\000o\000x\000,\000\040\000B\000o\000u\000n\000d\000a\000r\000y\000\040\000*\000b\000o\000u\000n\000d\000a\000r\000y\000,\000\040\000H\000e\000r\000o\000\040\000*\000u\000s\000e\000r\000C\000o\000n\000t\000r\000o\000l\000O\000b\000j\000e\000c\000t\000\051}{subsection.3.27.2}% 132
\BOOKMARK [2][-]{subsection.3.27.3}{\376\377\0003\000.\0002\0007\000.\0003\000\040\000M\000e\000m\000b\000e\000r\000\040\000F\000u\000n\000c\000t\000i\000o\000n\000\040\000D\000o\000c\000u\000m\000e\000n\000t\000a\000t\000i\000o\000n}{section.3.27}% 133
\BOOKMARK [3][-]{subsubsection.3.27.3.1}{\376\377\0003\000.\0002\0007\000.\0003\000.\0001\000\040\000c\000h\000e\000c\000k\000F\000i\000e\000l\000d\000\050\000s\000t\000d\000:\000:\000s\000t\000r\000i\000n\000g\000\040\000f\000i\000e\000l\000d\000\051}{subsection.3.27.3}% 134
\BOOKMARK [3][-]{subsubsection.3.27.3.2}{\376\377\0003\000.\0002\0007\000.\0003\000.\0002\000\040\000s\000t\000r\000i\000p\000W\000h\000i\000t\000e\000s\000p\000a\000c\000e\000\050\000s\000t\000d\000:\000:\000s\000t\000r\000i\000n\000g\000\040\000s\000t\000r\000\051}{subsection.3.27.3}% 135
\BOOKMARK [1][-]{section.3.28}{\376\377\0003\000.\0002\0008\000\040\000S\000t\000a\000n\000d\000a\000r\000d\000O\000b\000j\000e\000c\000t\000\040\000C\000l\000a\000s\000s\000\040\000R\000e\000f\000e\000r\000e\000n\000c\000e}{chapter.3}% 136
\BOOKMARK [2][-]{subsection.3.28.1}{\376\377\0003\000.\0002\0008\000.\0001\000\040\000D\000e\000t\000a\000i\000l\000e\000d\000\040\000D\000e\000s\000c\000r\000i\000p\000t\000i\000o\000n}{section.3.28}% 137
\BOOKMARK [1][-]{section.3.29}{\376\377\0003\000.\0002\0009\000\040\000S\000t\000a\000t\000i\000c\000O\000b\000j\000e\000c\000t\000\040\000C\000l\000a\000s\000s\000\040\000R\000e\000f\000e\000r\000e\000n\000c\000e}{chapter.3}% 138
\BOOKMARK [2][-]{subsection.3.29.1}{\376\377\0003\000.\0002\0009\000.\0001\000\040\000D\000e\000t\000a\000i\000l\000e\000d\000\040\000D\000e\000s\000c\000r\000i\000p\000t\000i\000o\000n}{section.3.29}% 139
\BOOKMARK [2][-]{subsection.3.29.2}{\376\377\0003\000.\0002\0009\000.\0002\000\040\000C\000o\000n\000s\000t\000r\000u\000c\000t\000o\000r\000\040\000\046\000\040\000D\000e\000s\000t\000r\000u\000c\000t\000o\000r\000\040\000D\000o\000c\000u\000m\000e\000n\000t\000a\000t\000i\000o\000n}{section.3.29}% 140
\BOOKMARK [3][-]{subsubsection.3.29.2.1}{\376\377\0003\000.\0002\0009\000.\0002\000.\0001\000\040\000S\000t\000a\000t\000i\000c\000O\000b\000j\000e\000c\000t\000\050\000f\000l\000o\000a\000t\000\040\000x\000,\000\040\000f\000l\000o\000a\000t\000\040\000y\000,\000\040\000f\000l\000o\000a\000t\000\040\000s\000c\000a\000l\000e\000,\000\040\000f\000l\000o\000a\000t\000\040\000e\000l\000a\000s\000t\000,\000\040\000f\000l\000o\000a\000t\000\040\000f\000r\000i\000c\000,\000\040\000i\000n\000t\000\040\000t\000y\000p\000e\000,\000\040\000s\000t\000d\000:\000:\000s\000t\000r\000i\000n\000g\000\040\000g\000p\000u\000P\000a\000t\000h\000,\000\040\000s\000t\000d\000:\000:\000s\000t\000r\000i\000n\000g\000\040\000v\000P\000a\000t\000h\000,\000\040\000s\000t\000d\000:\000:\000s\000t\000r\000i\000n\000g\000\040\000f\000P\000a\000t\000h\000\051}{subsection.3.29.2}% 141
\BOOKMARK [1][-]{section.3.30}{\376\377\0003\000.\0003\0000\000\040\000S\000u\000r\000f\000a\000c\000e\000\040\000C\000l\000a\000s\000s\000\040\000R\000e\000f\000e\000r\000e\000n\000c\000e}{chapter.3}% 142
\BOOKMARK [2][-]{subsection.3.30.1}{\376\377\0003\000.\0003\0000\000.\0001\000\040\000D\000e\000t\000a\000i\000l\000e\000d\000\040\000D\000e\000s\000c\000r\000i\000p\000t\000i\000o\000n}{section.3.30}% 143
\BOOKMARK [2][-]{subsection.3.30.2}{\376\377\0003\000.\0003\0000\000.\0002\000\040\000C\000o\000n\000s\000t\000r\000u\000c\000t\000o\000r\000\040\000\046\000\040\000D\000e\000s\000t\000r\000u\000c\000t\000o\000r\000\040\000D\000o\000c\000u\000m\000e\000n\000t\000a\000t\000i\000o\000n}{section.3.30}% 144
\BOOKMARK [3][-]{subsubsection.3.30.2.1}{\376\377\0003\000.\0003\0000\000.\0002\000.\0001\000\040\000S\000u\000r\000f\000a\000c\000e\000\050\000c\000p\000V\000e\000c\000t\000\040\000p\0001\000,\000\040\000c\000p\000V\000e\000c\000t\000\040\000p\0002\000,\000\040\000b\000o\000o\000l\000\040\000i\000s\000R\000a\000m\000p\000,\000\040\000f\000l\000o\000a\000t\000\040\000t\000h\000i\000c\000k\000n\000e\000s\000s\000=\0005\0000\000.\0000\000f\000\051}{subsection.3.30.2}% 145
\BOOKMARK [1][-]{section.3.31}{\376\377\0003\000.\0003\0001\000\040\000W\000a\000l\000l\000\040\000C\000l\000a\000s\000s\000\040\000R\000e\000f\000e\000r\000e\000n\000c\000e}{chapter.3}% 146
\BOOKMARK [2][-]{subsection.3.31.1}{\376\377\0003\000.\0003\0001\000.\0001\000\040\000D\000e\000t\000a\000i\000l\000e\000d\000\040\000D\000e\000s\000c\000r\000i\000p\000t\000i\000o\000n}{section.3.31}% 147
\BOOKMARK [2][-]{subsection.3.31.2}{\376\377\0003\000.\0003\0001\000.\0002\000\040\000C\000o\000n\000s\000t\000r\000u\000c\000t\000o\000r\000\040\000\046\000\040\000D\000e\000s\000t\000r\000u\000c\000t\000o\000r\000\040\000D\000o\000c\000u\000m\000e\000n\000t\000a\000t\000i\000o\000n}{section.3.31}% 148
\BOOKMARK [3][-]{subsubsection.3.31.2.1}{\376\377\0003\000.\0003\0001\000.\0002\000.\0001\000\040\000W\000a\000l\000l\000\050\000f\000l\000o\000a\000t\000\040\000y\0001\000,\000\040\000f\000l\000o\000a\000t\000\040\000y\0002\000,\000\040\000f\000l\000o\000a\000t\000\040\000x\000m\000i\000d\000,\000\040\000f\000l\000o\000a\000t\000\040\000t\000h\000i\000c\000k\000n\000e\000s\000s\000=\0005\0000\000.\0000\000f\000\051}{subsection.3.31.2}% 149
\BOOKMARK [0][-]{section*.123}{\376\377\000I\000n\000d\000e\000x}{}% 150
