\BOOKMARK [1][-]{section.1}{Project Drivers}{}% 1
\BOOKMARK [2][-]{subsection.1.1}{The Purpose of the Project}{section.1}% 2
\BOOKMARK [2][-]{subsection.1.2}{The Stakeholders}{section.1}% 3
\BOOKMARK [3][-]{subsubsection.1.2.1}{The Client}{subsection.1.2}% 4
\BOOKMARK [3][-]{subsubsection.1.2.2}{The Customers}{subsection.1.2}% 5
\BOOKMARK [3][-]{subsubsection.1.2.3}{Other Stakeholders}{subsection.1.2}% 6
\BOOKMARK [1][-]{section.2}{Project Description}{}% 7
\BOOKMARK [2][-]{subsection.2.1}{Game Overview}{section.2}% 8
\BOOKMARK [3][-]{subsubsection.2.1.1}{The Game World}{subsection.2.1}% 9
\BOOKMARK [3][-]{subsubsection.2.1.2}{The Hero}{subsection.2.1}% 10
\BOOKMARK [3][-]{subsubsection.2.1.3}{The Enemies}{subsection.2.1}% 11
\BOOKMARK [2][-]{subsection.2.2}{Mandated Constraints}{section.2}% 12
\BOOKMARK [2][-]{subsection.2.3}{Naming Conventions and Terminology}{section.2}% 13
\BOOKMARK [1][-]{section.3}{Functional Requirements}{}% 14
\BOOKMARK [2][-]{subsection.3.1}{The Scope of the Work and the Product}{section.3}% 15
\BOOKMARK [3][-]{subsubsection.3.1.1}{The Context of the Work}{subsection.3.1}% 16
\BOOKMARK [3][-]{subsubsection.3.1.2}{Work Partitioning}{subsection.3.1}% 17
\BOOKMARK [3][-]{subsubsection.3.1.3}{Individual Product Use Cases}{subsection.3.1}% 18
\BOOKMARK [2][-]{subsection.3.2}{Functional Requirements}{section.3}% 19
\BOOKMARK [1][-]{section.4}{Non-functional Requirements}{}% 20
\BOOKMARK [2][-]{subsection.4.1}{Look and Feel Requirements}{section.4}% 21
\BOOKMARK [2][-]{subsection.4.2}{Usability and Humanity Requirements}{section.4}% 22
\BOOKMARK [2][-]{subsection.4.3}{Performance Requirements}{section.4}% 23
\BOOKMARK [2][-]{subsection.4.4}{Operational and Environmental Requirements}{section.4}% 24
\BOOKMARK [2][-]{subsection.4.5}{Maintainability and Support Requirements}{section.4}% 25
\BOOKMARK [2][-]{subsection.4.6}{Security Requirements}{section.4}% 26
\BOOKMARK [2][-]{subsection.4.7}{Cultural Requirements}{section.4}% 27
\BOOKMARK [2][-]{subsection.4.8}{Legal Requirements}{section.4}% 28
\BOOKMARK [1][-]{section.5}{Project Issues}{}% 29
\BOOKMARK [2][-]{subsection.5.1}{Open Issues}{section.5}% 30
\BOOKMARK [2][-]{subsection.5.2}{Off-the-Shelf Solutions}{section.5}% 31
\BOOKMARK [2][-]{subsection.5.3}{New Problems}{section.5}% 32
\BOOKMARK [2][-]{subsection.5.4}{Tasks}{section.5}% 33
\BOOKMARK [2][-]{subsection.5.5}{Migration to the New Product}{section.5}% 34
\BOOKMARK [2][-]{subsection.5.6}{Risks}{section.5}% 35
\BOOKMARK [2][-]{subsection.5.7}{Costs}{section.5}% 36
\BOOKMARK [2][-]{subsection.5.8}{User Documentation and Training}{section.5}% 37
\BOOKMARK [2][-]{subsection.5.9}{Waiting Room}{section.5}% 38
\BOOKMARK [2][-]{subsection.5.10}{Ideas for Solutions}{section.5}% 39
